<?xml version="1.0" encoding="UTF-8"?>
<testsuite name="big.pckg.purposes.succeeded.looooong.naaaaame.CelsiusToFahrenheitTest" tests="5" skipped="0" failures="0" errors="0" timestamp="2024-03-14T17:57:02" hostname="MUNIT-914" time="0.007">
  <properties/>
  <testcase name="testCelsiusToFahrenheitConversion[0](0.0, 32.0)" classname="big.pckg.purposes.succeeded.looooong.naaaaame.CelsiusToFahrenheitTest" time="0.005"/>
  <testcase name="testCelsiusToFahrenheitConversion[1](100.0, 212.0)" classname="big.pckg.purposes.succeeded.looooong.naaaaame.CelsiusToFahrenheitTest" time="0.0"/>
  <testcase name="testCelsiusToFahrenheitConversion[2](-40.0, -40.0)" classname="big.pckg.purposes.succeeded.looooong.naaaaame.CelsiusToFahrenheitTest" time="0.0"/>
  <testcase name="testCelsiusToFahrenheitConversion[3](37.0, 98.6)" classname="big.pckg.purposes.succeeded.looooong.naaaaame.CelsiusToFahrenheitTest" time="0.0"/>
  <testcase name="testCelsiusToFahrenheitConversion[4](-273.15, -459.67)" classname="big.pckg.purposes.succeeded.looooong.naaaaame.CelsiusToFahrenheitTest" time="0.0"/>
  <system-out><![CDATA[]]></system-out>
  <system-err><![CDATA[]]></system-err>
</testsuite>
